have_header: checking for vm_core.h... -------------------- no

LD_LIBRARY_PATH=.:/usr/local/lib "gcc -o conftest -I/usr/local/include/ruby-3.2.0/x86_64-linux -I/usr/local/include/ruby-3.2.0/ruby/backward -I/usr/local/include/ruby-3.2.0 -I.    -O3 -fno-fast-math -ggdb3 -Wall -Wextra -Wdeprecated-declarations -Wdiv-by-zero -Wduplicated-cond -Wimplicit-function-declaration -Wimplicit-int -Wmisleading-indentation -Wpointer-arith -Wwrite-strings -Wold-style-definition -Wimplicit-fallthrough=0 -Wmissing-noreturn -Wno-cast-function-type -Wno-constant-logical-operand -Wno-long-long -Wno-missing-field-initializers -Wno-overlength-strings -Wno-packed-bitfield-compat -Wno-parentheses-equality -Wno-self-assign -Wno-tautological-compare -Wno-unused-parameter -Wno-unused-value -Wsuggest-attribute=format -Wsuggest-attribute=noreturn -Wunused-variable -Wundef  -fPIC conftest.c  -L. -L/usr/local/lib -Wl,-rpath,/usr/local/lib -L. -fstack-protector-strong -rdynamic -Wl,-export-dynamic -Wl,--no-as-needed     -Wl,-rpath,/usr/local/lib -L/usr/local/lib -lruby  -lm -lpthread  -lc"
checked program was:
/* begin */
1: #include "ruby.h"
2: 
3: int main(int argc, char **argv)
4: {
5:   return !!argv[argc];
6: }
/* end */

LD_LIBRARY_PATH=.:/usr/local/lib "gcc -I/usr/local/include/ruby-3.2.0/x86_64-linux -I/usr/local/include/ruby-3.2.0/ruby/backward -I/usr/local/include/ruby-3.2.0 -I.    -O3 -fno-fast-math -ggdb3 -Wall -Wextra -Wdeprecated-declarations -Wdiv-by-zero -Wduplicated-cond -Wimplicit-function-declaration -Wimplicit-int -Wmisleading-indentation -Wpointer-arith -Wwrite-strings -Wold-style-definition -Wimplicit-fallthrough=0 -Wmissing-noreturn -Wno-cast-function-type -Wno-constant-logical-operand -Wno-long-long -Wno-missing-field-initializers -Wno-overlength-strings -Wno-packed-bitfield-compat -Wno-parentheses-equality -Wno-self-assign -Wno-tautological-compare -Wno-unused-parameter -Wno-unused-value -Wsuggest-attribute=format -Wsuggest-attribute=noreturn -Wunused-variable -Wundef  -fPIC   -c conftest.c"
conftest.c:3:10: fatal error: vm_core.h: No such file or directory
    3 | #include <vm_core.h>
      |          ^~~~~~~~~~~
compilation terminated.
checked program was:
/* begin */
1: #include "ruby.h"
2: 
3: #include <vm_core.h>
/* end */

--------------------

have_header: checking for vm_core.h... -------------------- no

LD_LIBRARY_PATH=.:/usr/local/lib "gcc -I/usr/local/include/ruby-3.2.0/x86_64-linux -I/usr/local/include/ruby-3.2.0/ruby/backward -I/usr/local/include/ruby-3.2.0 -I. -I/usr/local/include/ruby-3.2.0/ruby-3.2.2-p53 -O3 -fno-fast-math -ggdb3 -Wall -Wextra -Wdeprecated-declarations -Wdiv-by-zero -Wduplicated-cond -Wimplicit-function-declaration -Wimplicit-int -Wmisleading-indentation -Wpointer-arith -Wwrite-strings -Wold-style-definition -Wimplicit-fallthrough=0 -Wmissing-noreturn -Wno-cast-function-type -Wno-constant-logical-operand -Wno-long-long -Wno-missing-field-initializers -Wno-overlength-strings -Wno-packed-bitfield-compat -Wno-parentheses-equality -Wno-self-assign -Wno-tautological-compare -Wno-unused-parameter -Wno-unused-value -Wsuggest-attribute=format -Wsuggest-attribute=noreturn -Wunused-variable -Wundef  -fPIC   -c conftest.c"
conftest.c:3:10: fatal error: vm_core.h: No such file or directory
    3 | #include <vm_core.h>
      |          ^~~~~~~~~~~
compilation terminated.
checked program was:
/* begin */
1: #include "ruby.h"
2: 
3: #include <vm_core.h>
/* end */

--------------------

have_header: checking for vm_core.h... -------------------- yes

LD_LIBRARY_PATH=.:/usr/local/lib "gcc -I/usr/local/include/ruby-3.2.0/x86_64-linux -I/usr/local/include/ruby-3.2.0/ruby/backward -I/usr/local/include/ruby-3.2.0 -I. -I/app/vendor/bundle/ruby/3.2.0/gems/debase-ruby_core_source-3.4.1/lib/debase/ruby_core_source/ruby-3.2.0-p0 -O3 -fno-fast-math -ggdb3 -Wall -Wextra -Wdeprecated-declarations -Wdiv-by-zero -Wduplicated-cond -Wimplicit-function-declaration -Wimplicit-int -Wmisleading-indentation -Wpointer-arith -Wwrite-strings -Wold-style-definition -Wimplicit-fallthrough=0 -Wmissing-noreturn -Wno-cast-function-type -Wno-constant-logical-operand -Wno-long-long -Wno-missing-field-initializers -Wno-overlength-strings -Wno-packed-bitfield-compat -Wno-parentheses-equality -Wno-self-assign -Wno-tautological-compare -Wno-unused-parameter -Wno-unused-value -Wsuggest-attribute=format -Wsuggest-attribute=noreturn -Wunused-variable -Wundef  -fPIC   -c conftest.c"
checked program was:
/* begin */
1: #include "ruby.h"
2: 
3: #include <vm_core.h>
/* end */

--------------------

have_header: checking for iseq.h... -------------------- yes

LD_LIBRARY_PATH=.:/usr/local/lib "gcc -I/usr/local/include/ruby-3.2.0/x86_64-linux -I/usr/local/include/ruby-3.2.0/ruby/backward -I/usr/local/include/ruby-3.2.0 -I. -I/app/vendor/bundle/ruby/3.2.0/gems/debase-ruby_core_source-3.4.1/lib/debase/ruby_core_source/ruby-3.2.0-p0 -O3 -fno-fast-math -ggdb3 -Wall -Wextra -Wdeprecated-declarations -Wdiv-by-zero -Wduplicated-cond -Wimplicit-function-declaration -Wimplicit-int -Wmisleading-indentation -Wpointer-arith -Wwrite-strings -Wold-style-definition -Wimplicit-fallthrough=0 -Wmissing-noreturn -Wno-cast-function-type -Wno-constant-logical-operand -Wno-long-long -Wno-missing-field-initializers -Wno-overlength-strings -Wno-packed-bitfield-compat -Wno-parentheses-equality -Wno-self-assign -Wno-tautological-compare -Wno-unused-parameter -Wno-unused-value -Wsuggest-attribute=format -Wsuggest-attribute=noreturn -Wunused-variable -Wundef  -fPIC   -c conftest.c"
In file included from /app/vendor/bundle/ruby/3.2.0/gems/debase-ruby_core_source-3.4.1/lib/debase/ruby_core_source/ruby-3.2.0-p0/method.h:15,
                 from /app/vendor/bundle/ruby/3.2.0/gems/debase-ruby_core_source-3.4.1/lib/debase/ruby_core_source/ruby-3.2.0-p0/vm_core.h:97,
                 from /app/vendor/bundle/ruby/3.2.0/gems/debase-ruby_core_source-3.4.1/lib/debase/ruby_core_source/ruby-3.2.0-p0/iseq.h:14,
                 from conftest.c:3:
/app/vendor/bundle/ruby/3.2.0/gems/debase-ruby_core_source-3.4.1/lib/debase/ruby_core_source/ruby-3.2.0-p0/internal/imemo.h: In function ‘MEMO_V1_SET’:
/app/vendor/bundle/ruby/3.2.0/gems/debase-ruby_core_source-3.4.1/lib/debase/ruby_core_source/ruby-3.2.0-p0/internal/imemo.h:233:5: warning: implicit declaration of function ‘RB_OBJ_WRITE’; did you mean ‘RB_OBJ_WRITTEN’? [-Wimplicit-function-declaration]
  233 |     RB_OBJ_WRITE(m, &m->v1, v);
      |     ^~~~~~~~~~~~
      |     RB_OBJ_WRITTEN
At top level:
cc1: note: unrecognized command-line option ‘-Wno-self-assign’ may have been intended to silence earlier diagnostics
cc1: note: unrecognized command-line option ‘-Wno-parentheses-equality’ may have been intended to silence earlier diagnostics
cc1: note: unrecognized command-line option ‘-Wno-constant-logical-operand’ may have been intended to silence earlier diagnostics
checked program was:
/* begin */
1: #include "ruby.h"
2: 
3: #include <iseq.h>
/* end */

--------------------

have_header: checking for version.h... -------------------- yes

LD_LIBRARY_PATH=.:/usr/local/lib "gcc -I/usr/local/include/ruby-3.2.0/x86_64-linux -I/usr/local/include/ruby-3.2.0/ruby/backward -I/usr/local/include/ruby-3.2.0 -I. -I/app/vendor/bundle/ruby/3.2.0/gems/debase-ruby_core_source-3.4.1/lib/debase/ruby_core_source/ruby-3.2.0-p0 -O3 -fno-fast-math -ggdb3 -Wall -Wextra -Wdeprecated-declarations -Wdiv-by-zero -Wduplicated-cond -Wimplicit-function-declaration -Wimplicit-int -Wmisleading-indentation -Wpointer-arith -Wwrite-strings -Wold-style-definition -Wimplicit-fallthrough=0 -Wmissing-noreturn -Wno-cast-function-type -Wno-constant-logical-operand -Wno-long-long -Wno-missing-field-initializers -Wno-overlength-strings -Wno-packed-bitfield-compat -Wno-parentheses-equality -Wno-self-assign -Wno-tautological-compare -Wno-unused-parameter -Wno-unused-value -Wsuggest-attribute=format -Wsuggest-attribute=noreturn -Wunused-variable -Wundef  -fPIC   -c conftest.c"
checked program was:
/* begin */
1: #include "ruby.h"
2: 
3: #include <version.h>
/* end */

--------------------

